2017-10-15 22:36:44,132 - __main__ - INFO - 421215 records before filtering
2017-10-15 22:36:44,202 - __main__ - INFO - 421215 records after excluding null values in column AgentFamily
2017-10-15 22:36:44,310 - __main__ - INFO - In column AgentFamily, [] has less occurrences than 2 and will be dropped.
2017-10-15 22:36:44,364 - __main__ - INFO - 421215 records after excluding records with few occurrences in column AgentFamily
2017-10-15 22:36:44,935 - __main__ - INFO - split into 42 training set and 84243 test set
2017-10-15 22:36:44,935 - __main__ - INFO - Begin training for col AgentFamily
2017-10-15 22:45:26,568 - __main__ - INFO - 421215 records before filtering
2017-10-15 22:45:26,645 - __main__ - INFO - 421215 records after excluding null values in column AgentFamily
2017-10-15 22:45:26,719 - __main__ - INFO - In column AgentFamily, [] has less occurrences than 2 and will be dropped.
2017-10-15 22:45:26,760 - __main__ - INFO - 421215 records after excluding records with few occurrences in column AgentFamily
2017-10-15 22:45:27,438 - __main__ - INFO - split into 336972 training set and 84243 test set
2017-10-15 22:45:27,438 - __main__ - INFO - Begin training for col AgentFamily
2017-10-15 22:46:04,819 - __main__ - INFO - score on test set data within training data is 0.7342568522013698 for AgentFamily
2017-10-15 22:46:04,842 - __main__ - INFO - score on new test data is 1.0 for AgentFamily
2017-10-15 22:46:04,843 - __main__ - INFO - 421215 records before filtering
2017-10-15 22:46:04,938 - __main__ - INFO - 421036 records after excluding null values in column Version
2017-10-15 22:46:05,040 - __main__ - INFO - In column Version, ['451'] has less occurrences than 2 and will be dropped.
2017-10-15 22:46:05,078 - __main__ - INFO - 421036 records after excluding records with few occurrences in column Version
2017-10-15 22:46:05,899 - __main__ - INFO - split into 336828 training set and 84207 test set
2017-10-15 22:46:05,921 - __main__ - INFO - Begin training for col Version
2017-10-15 22:47:44,699 - __main__ - INFO - score on test set data within training data is 0.035234600448893795 for Version
2017-10-15 22:59:35,756 - __main__ - INFO - 421215 records before filtering
2017-10-15 22:59:35,831 - __main__ - INFO - 421215 records after excluding null values in column AgentFamily
2017-10-15 22:59:35,900 - __main__ - INFO - In column AgentFamily, [] has less occurrences than 10 and will be dropped.
2017-10-15 22:59:35,941 - __main__ - INFO - 421215 records after excluding records with few occurrences in column AgentFamily
2017-10-15 22:59:36,623 - __main__ - INFO - split into 336972 training set and 84243 test set
2017-10-15 22:59:36,623 - __main__ - INFO - Begin training for col AgentFamily
2017-10-15 23:00:13,850 - __main__ - INFO - score on test set data within training data is 0.7342568522013698 for AgentFamily
2017-10-15 23:00:13,872 - __main__ - INFO - score on new test data is 1.0 for AgentFamily
2017-10-15 23:00:13,872 - __main__ - INFO - 421215 records before filtering
2017-10-15 23:00:14,054 - __main__ - INFO - 421036 records after excluding null values in column Version
2017-10-15 23:00:14,122 - __main__ - INFO - In column Version, ['451', '533', '78', '0', '603', '536'] has less occurrences than 10 and will be dropped.
2017-10-15 23:00:14,178 - __main__ - INFO - 421010 records after excluding records with few occurrences in column Version
2017-10-15 23:00:14,974 - __main__ - INFO - split into 336808 training set and 84202 test set
2017-10-15 23:00:15,000 - __main__ - INFO - Begin training for col Version
2017-10-15 23:01:48,363 - __main__ - INFO - score on test set data within training data is 0.03597301726799838 for Version
2017-10-15 23:19:44,992 - __main__ - INFO - 421215 records before filtering
2017-10-15 23:19:45,075 - __main__ - INFO - 421215 records after excluding null values in column AgentFamily
2017-10-15 23:19:45,166 - __main__ - INFO - In column AgentFamily, [] has less occurrences than 10 and will be dropped.
2017-10-15 23:19:45,203 - __main__ - INFO - 421215 records after excluding records with few occurrences in column AgentFamily
2017-10-15 23:19:45,889 - __main__ - INFO - split into 336972 training set and 84243 test set
2017-10-15 23:19:45,922 - __main__ - INFO - Begin training for col AgentFamily
2017-10-15 23:20:30,253 - __main__ - INFO - score on test set data within training data is 0.9570528115095617 for AgentFamily
2017-10-15 23:20:30,278 - __main__ - INFO - score on new test data is 1.0 for AgentFamily
2017-10-15 23:20:30,279 - __main__ - INFO - 421215 records before filtering
2017-10-15 23:20:30,343 - __main__ - INFO - 421036 records after excluding null values in column Version
2017-10-15 23:20:30,411 - __main__ - INFO - In column Version, ['451', '536', '533', '0', '603', '78'] has less occurrences than 10 and will be dropped.
2017-10-15 23:20:30,464 - __main__ - INFO - 421010 records after excluding records with few occurrences in column Version
2017-10-15 23:20:31,388 - __main__ - INFO - split into 336808 training set and 84202 test set
2017-10-15 23:20:31,449 - __main__ - INFO - Begin training for col Version
2017-10-15 23:22:14,217 - __main__ - INFO - score on test set data within training data is 0.9571744139094083 for Version
2017-10-15 23:22:14,313 - __main__ - INFO - score on new test data is 1.0 for Version
2017-10-16 00:04:15,405 - __main__ - INFO - 421215 records before filtering
2017-10-16 00:04:15,481 - __main__ - INFO - 421215 records after excluding null values in column AgentFamily
2017-10-16 00:04:15,554 - __main__ - INFO - In column AgentFamily, [] has less occurrences than 10 and will be dropped.
2017-10-16 00:04:15,594 - __main__ - INFO - 421215 records after excluding records with few occurrences in column AgentFamily
2017-10-16 00:04:16,276 - __main__ - INFO - split into 336972 training set and 84243 test set
2017-10-16 00:04:16,319 - __main__ - INFO - Begin training for col AgentFamily
2017-10-16 00:05:00,341 - __main__ - INFO - score on test set data within training data is 0.9570528115095617 for AgentFamily
2017-10-16 00:05:00,363 - __main__ - INFO - score on new test data is 1.0 for AgentFamily
2017-10-16 00:05:00,363 - __main__ - INFO - 421215 records before filtering
2017-10-16 00:05:00,447 - __main__ - INFO - 421036 records after excluding null values in column Version
2017-10-16 00:05:00,518 - __main__ - INFO - In column Version, ['536', '603', '0', '533', '78', '451'] has less occurrences than 10 and will be dropped.
2017-10-16 00:05:00,571 - __main__ - INFO - 421010 records after excluding records with few occurrences in column Version
2017-10-16 00:05:01,487 - __main__ - INFO - split into 336808 training set and 84202 test set
2017-10-16 00:05:01,551 - __main__ - INFO - Begin training for col Version
2017-10-16 00:06:44,436 - __main__ - INFO - score on test set data within training data is 0.9571744139094083 for Version
2017-10-16 00:06:44,529 - __main__ - INFO - score on new test data is 1.0 for Version
2017-10-16 00:21:40,414 - __main__ - INFO - 421215 records before filtering
2017-10-16 00:21:40,490 - __main__ - INFO - 421215 records after excluding null values in column AgentFamily
2017-10-16 00:21:40,555 - __main__ - INFO - In column AgentFamily, [] has less occurrences than 10 and will be dropped.
2017-10-16 00:21:40,597 - __main__ - INFO - 421215 records after excluding records with few occurrences in column AgentFamily
2017-10-16 00:21:41,313 - __main__ - INFO - split into 336972 training set and 84243 test set
2017-10-16 00:21:41,353 - __main__ - INFO - Begin training for col AgentFamily
2017-10-16 00:22:21,219 - __main__ - INFO - score on test set data within training data is 0.9570528115095617 for AgentFamily
2017-10-16 00:22:21,250 - __main__ - INFO - score on new test data is 1.0 for AgentFamily
2017-10-16 00:22:21,250 - __main__ - INFO - 421215 records before filtering
2017-10-16 00:22:21,309 - __main__ - INFO - 421036 records after excluding null values in column Version
2017-10-16 00:22:21,374 - __main__ - INFO - In column Version, ['0', '536', '603', '451', '533', '78'] has less occurrences than 10 and will be dropped.
2017-10-16 00:22:21,430 - __main__ - INFO - 421010 records after excluding records with few occurrences in column Version
2017-10-16 00:22:22,219 - __main__ - INFO - split into 336808 training set and 84202 test set
2017-10-16 00:22:22,277 - __main__ - INFO - Begin training for col Version
2017-10-16 00:24:02,951 - __main__ - INFO - score on test set data within training data is 0.9571744139094083 for Version
2017-10-16 00:24:03,050 - __main__ - INFO - score on new test data is 1.0 for Version
2017-10-16 00:26:01,135 - __main__ - INFO - 421215 records before filtering
2017-10-16 00:26:01,207 - __main__ - INFO - 421215 records after excluding null values in column AgentFamily
2017-10-16 00:26:01,298 - __main__ - INFO - In column AgentFamily, [] has less occurrences than 10 and will be dropped.
2017-10-16 00:26:01,333 - __main__ - INFO - 421215 records after excluding records with few occurrences in column AgentFamily
2017-10-16 00:26:02,056 - __main__ - INFO - split into 336972 training set and 84243 test set
2017-10-16 00:26:02,089 - __main__ - INFO - Begin training for col AgentFamily
2017-10-16 00:26:46,117 - __main__ - INFO - score on test set data within training data is 0.9570528115095617 for AgentFamily
2017-10-16 00:26:46,140 - __main__ - INFO - score on new test data is 1.0 for AgentFamily
2017-10-16 00:26:46,141 - __main__ - INFO - 421215 records before filtering
2017-10-16 00:26:46,227 - __main__ - INFO - 421036 records after excluding null values in column Version
2017-10-16 00:26:46,297 - __main__ - INFO - In column Version, ['533', '603', '451', '0', '78', '536'] has less occurrences than 10 and will be dropped.
2017-10-16 00:26:46,352 - __main__ - INFO - 421010 records after excluding records with few occurrences in column Version
2017-10-16 00:26:47,201 - __main__ - INFO - split into 336808 training set and 84202 test set
2017-10-16 00:26:47,266 - __main__ - INFO - Begin training for col Version
2017-10-16 00:28:31,192 - __main__ - INFO - score on test set data within training data is 0.9571744139094083 for Version
2017-10-16 00:28:31,292 - __main__ - INFO - score on new test data is 1.0 for Version
